d:\pliki\moje dokumenty\visual studio 2015\projects\simulator\simulator\debug\vc140.pdb
d:\pliki\moje dokumenty\visual studio 2015\projects\simulator\simulator\debug\vc140.idb
d:\pliki\moje dokumenty\visual studio 2015\projects\simulator\simulator\debug\ability.nativecodeanalysis.xml
d:\pliki\moje dokumenty\visual studio 2015\projects\simulator\simulator\debug\belladonna.nativecodeanalysis.xml
d:\pliki\moje dokumenty\visual studio 2015\projects\simulator\simulator\debug\antilope.nativecodeanalysis.xml
d:\pliki\moje dokumenty\visual studio 2015\projects\simulator\simulator\debug\fox.nativecodeanalysis.xml
d:\pliki\moje dokumenty\visual studio 2015\projects\simulator\simulator\debug\grass.nativecodeanalysis.xml
d:\pliki\moje dokumenty\visual studio 2015\projects\simulator\simulator\debug\guarana.nativecodeanalysis.xml
d:\pliki\moje dokumenty\visual studio 2015\projects\simulator\simulator\debug\human.nativecodeanalysis.xml
d:\pliki\moje dokumenty\visual studio 2015\projects\simulator\simulator\debug\maincpp.nativecodeanalysis.xml
d:\pliki\moje dokumenty\visual studio 2015\projects\simulator\simulator\debug\mathx.nativecodeanalysis.xml
d:\pliki\moje dokumenty\visual studio 2015\projects\simulator\simulator\debug\sheep.nativecodeanalysis.xml
d:\pliki\moje dokumenty\visual studio 2015\projects\simulator\simulator\debug\source.nativecodeanalysis.xml
d:\pliki\moje dokumenty\visual studio 2015\projects\simulator\simulator\debug\turtle.nativecodeanalysis.xml
d:\pliki\moje dokumenty\visual studio 2015\projects\simulator\simulator\debug\wolfs.nativecodeanalysis.xml
d:\pliki\moje dokumenty\visual studio 2015\projects\simulator\simulator\debug\sowthistle.nativecodeanalysis.xml
d:\pliki\moje dokumenty\visual studio 2015\projects\simulator\simulator\debug\sosnowsky.nativecodeanalysis.xml
d:\pliki\moje dokumenty\visual studio 2015\projects\simulator\simulator\debug\plant.nativecodeanalysis.xml
d:\pliki\moje dokumenty\visual studio 2015\projects\simulator\simulator\debug\worldmap.nativecodeanalysis.xml
d:\pliki\moje dokumenty\visual studio 2015\projects\simulator\simulator\debug\worldmap.obj
d:\pliki\moje dokumenty\visual studio 2015\projects\simulator\simulator\debug\plant.obj
d:\pliki\moje dokumenty\visual studio 2015\projects\simulator\simulator\debug\sosnowsky.obj
d:\pliki\moje dokumenty\visual studio 2015\projects\simulator\simulator\debug\sowthistle.obj
d:\pliki\moje dokumenty\visual studio 2015\projects\simulator\simulator\debug\wolfs.obj
d:\pliki\moje dokumenty\visual studio 2015\projects\simulator\simulator\debug\turtle.obj
d:\pliki\moje dokumenty\visual studio 2015\projects\simulator\simulator\debug\source.obj
d:\pliki\moje dokumenty\visual studio 2015\projects\simulator\simulator\debug\sheep.obj
d:\pliki\moje dokumenty\visual studio 2015\projects\simulator\simulator\debug\mathx.obj
d:\pliki\moje dokumenty\visual studio 2015\projects\simulator\simulator\debug\maincpp.obj
d:\pliki\moje dokumenty\visual studio 2015\projects\simulator\simulator\debug\human.obj
d:\pliki\moje dokumenty\visual studio 2015\projects\simulator\simulator\debug\guarana.obj
d:\pliki\moje dokumenty\visual studio 2015\projects\simulator\simulator\debug\grass.obj
d:\pliki\moje dokumenty\visual studio 2015\projects\simulator\simulator\debug\fox.obj
d:\pliki\moje dokumenty\visual studio 2015\projects\simulator\simulator\debug\antilope.obj
d:\pliki\moje dokumenty\visual studio 2015\projects\simulator\simulator\debug\belladonna.obj
d:\pliki\moje dokumenty\visual studio 2015\projects\simulator\simulator\debug\ability.obj
d:\pliki\moje dokumenty\visual studio 2015\projects\simulator\simulator\debug\world.obj
d:\pliki\moje dokumenty\visual studio 2015\projects\simulator\debug\simulator.ilk
d:\pliki\moje dokumenty\visual studio 2015\projects\simulator\debug\simulator.exe
d:\pliki\moje dokumenty\visual studio 2015\projects\simulator\debug\simulator.pdb
d:\pliki\moje dokumenty\visual studio 2015\projects\simulator\simulator\debug\simulator.tlog\cl.command.1.tlog
d:\pliki\moje dokumenty\visual studio 2015\projects\simulator\simulator\debug\simulator.tlog\cl.read.1.tlog
d:\pliki\moje dokumenty\visual studio 2015\projects\simulator\simulator\debug\simulator.tlog\cl.write.1.tlog
d:\pliki\moje dokumenty\visual studio 2015\projects\simulator\simulator\debug\simulator.tlog\link.command.1.tlog
d:\pliki\moje dokumenty\visual studio 2015\projects\simulator\simulator\debug\simulator.tlog\link.read.1.tlog
d:\pliki\moje dokumenty\visual studio 2015\projects\simulator\simulator\debug\simulator.tlog\link.write.1.tlog
